This file contains any messages produced by compilers while
running configure, to aid debugging if configure makes a mistake.

It was created by ircd-hybrid configure 7.2.3+plexus-3.0.0, which was
generated by GNU Autoconf 2.61.  Invocation command line was

  $ ./configure 

## --------- ##
## Platform. ##
## --------- ##

hostname = DESKTOP-P799HSL
uname -m = x86_64
uname -r = 2.4.0(0.292/5/3)
uname -s = MINGW64_NT-10.0
uname -v = 2016-01-07 19:39

/usr/bin/uname -p = unknown
/bin/uname -X     = unknown

/bin/arch              = x86_64
/usr/bin/arch -k       = unknown
/usr/convex/getsysinfo = unknown
/usr/bin/hostinfo      = unknown
/bin/machine           = unknown
/usr/bin/oslevel       = unknown
/bin/universe          = unknown

PATH: /c/Users/dagud/bin
PATH: /mingw64/bin
PATH: /usr/local/bin
PATH: /usr/bin
PATH: /bin
PATH: /mingw64/bin
PATH: /usr/bin
PATH: /c/Users/dagud/bin
PATH: /c/ProgramData/Oracle/Java/javapath
PATH: /c/Windows/system32
PATH: /c/Windows
PATH: /c/Windows/System32/Wbem
PATH: /c/Windows/System32/WindowsPowerShell/v1.0
PATH: /c/Program Files (x86)/Skype/Phone
PATH: /c/php5.6/ext
PATH: /c/Program Files/nodejs
PATH: /c/instantclient
PATH: /c/xampp/php
PATH: /mingw64/bin
PATH: /c/oraclexe/app/oracle/product/11.2.0/server/bin
PATH: /c/ProgramData/ComposerSetup/bin
PATH: /c/Users/dagud/AppData/Roaming/npm
PATH: /usr/bin/vendor_perl
PATH: /usr/bin/core_perl


## ----------- ##
## Core tests. ##
## ----------- ##

configure:1824: checking for gcc
configure:1854: result: no
configure:1921: checking for cc
configure:1968: result: no
configure:2024: checking for cl.exe
configure:2054: result: no
configure:2083: error: no acceptable C compiler found in $PATH
See `config.log' for more details.

## ---------------- ##
## Cache variables. ##
## ---------------- ##

ac_cv_env_CC_set=
ac_cv_env_CC_value=
ac_cv_env_CFLAGS_set=
ac_cv_env_CFLAGS_value=
ac_cv_env_CPPFLAGS_set=
ac_cv_env_CPPFLAGS_value=
ac_cv_env_CPP_set=
ac_cv_env_CPP_value=
ac_cv_env_LDFLAGS_set=
ac_cv_env_LDFLAGS_value=
ac_cv_env_LIBS_set=
ac_cv_env_LIBS_value=
ac_cv_env_build_alias_set=
ac_cv_env_build_alias_value=
ac_cv_env_host_alias_set=
ac_cv_env_host_alias_value=
ac_cv_env_target_alias_set=
ac_cv_env_target_alias_value=

## ----------------- ##
## Output variables. ##
## ----------------- ##

AR=''
BALLOC_C=''
CC=''
CFLAGS=''
CLOBBER=''
CP=''
CPP=''
CPPFLAGS=''
CRYPT_C=''
CRYPT_LIB=''
DEFS=''
DYNLINK_C=''
ECHO_C=''
ECHO_N='-n'
ECHO_T=''
EGREP=''
ENCSPEED=''
EXAMPLE_CONF=''
EXEEXT=''
GREP=''
INET_MISC=''
INSTALL_DATA=''
INSTALL_PROGRAM=''
INSTALL_SCRIPT=''
IRC_CFLAGS=''
LD=''
LDFLAGS=''
LIBOBJS=''
LIBS=''
LN=''
LTLIBOBJS=''
MAKEDEPEND=''
MKDEP=''
MODULES_LIBS=''
MOD_TARGET=''
MV=''
OBJEXT=''
PACKAGE_BUGREPORT=''
PACKAGE_NAME='redebr'
PACKAGE_STRING='redebr-5.0.5'
PACKAGE_TARNAME='redebr'
PACKAGE_VERSION='5.0.5'
PATH_SEPARATOR=':'
PICFLAGS=''
RM=''
SED=''
SEDOBJ=''
SELECT_TYPE=''
SET_MAKE=''
SHELL='/bin/sh'
SNPRINTF_C=''
SSL_INCLUDES=''
SSL_LIBS=''
SSL_SRCS_ENABLE=''
STDOUT=''
TEST=''
ZLIB_LD=''
ac_ct_CC=''
bindir='${exec_prefix}/bin'
build_alias=''
datadir='${datarootdir}'
datarootdir='${prefix}/share'
docdir='${datarootdir}/doc/${PACKAGE_TARNAME}'
dvidir='${docdir}'
exec_prefix='NONE'
host_alias=''
htmldir='${docdir}'
includedir='${prefix}/include'
infodir='${datarootdir}/info'
libdir='${exec_prefix}/lib'
libexecdir='${exec_prefix}/libexec'
localedir='${datarootdir}/locale'
localstatedir='${prefix}/var'
mandir='${datarootdir}/man'
oldincludedir='/usr/include'
pdfdir='${docdir}'
prefix='NONE'
program_transform_name='s,x,x,'
psdir='${docdir}'
sbindir='${exec_prefix}/sbin'
sharedstatedir='${prefix}/com'
sysconfdir='${prefix}/etc'
target_alias=''

## ----------- ##
## confdefs.h. ##
## ----------- ##

#define PACKAGE_NAME "redebr"
#define PACKAGE_TARNAME "redebr"
#define PACKAGE_VERSION "5.0.5"
#define PACKAGE_STRING "redebr-5.0.5"
#define PACKAGE_BUGREPORT ""
#define _GNU_SOURCE 1

configure: exit 1
